#
# There is insufficient memory for the Java Runtime Environment to continue.
# Native memory allocation (malloc) failed to allocate 418576 bytes for Chunk::new
# Possible reasons:
#   The system is out of physical RAM or swap space
#   The process is running with CompressedOops enabled, and the Java Heap may be blocking the growth of the native heap
# Possible solutions:
#   Reduce memory load on the system
#   Increase physical memory or swap space
#   Check if swap backing store is full
#   Decrease Java heap size (-Xmx/-Xms)
#   Decrease number of Java threads
#   Decrease Java thread stack sizes (-Xss)
#   Set larger code cache with -XX:ReservedCodeCacheSize=
#   JVM is running with Zero Based Compressed Oops mode in which the Java heap is
#     placed in the first 32GB address space. The Java Heap base address is the
#     maximum limit for the native heap growth. Please use -XX:HeapBaseMinAddress
#     to set the Java Heap base and to place the Java Heap above 32GB virtual address.
# This output file may be truncated or incomplete.
#
#  Out of Memory Error (t:/workspace/open/src/hotspot/share/memory/arena.cpp:196), pid=20932, tid=12988
#
# JRE version: Java(TM) SE Runtime Environment (13.0+33) (build 13-ea+33)
# Java VM: Java HotSpot(TM) 64-Bit Server VM (13-ea+33, mixed mode, sharing, tiered, compressed oops, g1 gc, windows-amd64)
# No core dump will be written. Minidumps are not enabled by default on client versions of Windows
#

---------------  S U M M A R Y ------------

Command Line: -Dmaven.home=D:\apache-maven-3.6.3 -Dclassworlds.conf=E:\.Workspace\eclipse-workspace\cz_Hadopp\.metadata\.plugins\org.eclipse.m2e.launching\launches\m2conf2177171101960829493.tmp -Dmaven.multiModuleProjectDirectory=E:\.Workspace\eclipse-workspace\cz_Hadopp\Hive-UDF -Dfile.encoding=UTF-8 org.codehaus.plexus.classworlds.launcher.Launcher -B -s D:\apache-maven-3.6.3\conf\settings.xml install

Host: Intel(R) Core(TM) i5-7200U CPU @ 2.50GHz, 4 cores, 11G,  Windows 10 , 64 bit Build 19041 (10.0.19041.804)
Time: Tue May 11 11:12:28 2021 中国标准时间 elapsed time: 4 seconds (0d 0h 0m 4s)

---------------  T H R E A D  ---------------

Current thread (0x00000233ee4ad800):  JavaThread "C2 CompilerThread0" daemon [_thread_in_native, id=12988, stack(0x0000008d37600000,0x0000008d37700000)]


Current CompileTask:
C2:   4669 2133       4       org.codehaus.plexus.util.xml.pull.MXParser::parseStartTag (1195 bytes)

Stack: [0x0000008d37600000,0x0000008d37700000]
Native frames: (J=compiled Java code, j=interpreted, Vv=VM code, C=native code)
V  [jvm.dll+0x62706a]
V  [jvm.dll+0x772e0a]
V  [jvm.dll+0x7745bf]
V  [jvm.dll+0x774bc3]
V  [jvm.dll+0x24da38]
V  [jvm.dll+0xc3ae7]
V  [jvm.dll+0xc406c]
V  [jvm.dll+0x2bfa64]
V  [jvm.dll+0x54600d]
V  [jvm.dll+0x20fb86]
V  [jvm.dll+0x208f8c]
V  [jvm.dll+0x2069bd]
V  [jvm.dll+0x18b94c]
V  [jvm.dll+0x2159bd]
V  [jvm.dll+0x213e6b]
V  [jvm.dll+0x738cb6]
V  [jvm.dll+0x731daa]
V  [jvm.dll+0x626266]
C  [ucrtbase.dll+0x21bb2]
C  [KERNEL32.DLL+0x17034]
C  [ntdll.dll+0x52651]


---------------  P R O C E S S  ---------------

Threads class SMR info:
_java_thread_list=0x00000233ee621310, length=10, elements={
0x00000233cc8dc000, 0x00000233edc12000, 0x00000233edc15000, 0x00000233ee4a7000,
0x00000233ee4a8000, 0x00000233ee4ad800, 0x00000233ee4d1800, 0x00000233ee4e2800,
0x00000233ee5f4800, 0x00000233ee624000
}

Java Threads: ( => current thread )
  0x00000233cc8dc000 JavaThread "main" [_thread_in_vm, id=21544, stack(0x0000008d36b00000,0x0000008d36c00000)]
  0x00000233edc12000 JavaThread "Reference Handler" daemon [_thread_blocked, id=5952, stack(0x0000008d37200000,0x0000008d37300000)]
  0x00000233edc15000 JavaThread "Finalizer" daemon [_thread_blocked, id=10868, stack(0x0000008d37300000,0x0000008d37400000)]
  0x00000233ee4a7000 JavaThread "Signal Dispatcher" daemon [_thread_blocked, id=8144, stack(0x0000008d37400000,0x0000008d37500000)]
  0x00000233ee4a8000 JavaThread "Attach Listener" daemon [_thread_blocked, id=13296, stack(0x0000008d37500000,0x0000008d37600000)]
=>0x00000233ee4ad800 JavaThread "C2 CompilerThread0" daemon [_thread_in_native, id=12988, stack(0x0000008d37600000,0x0000008d37700000)]
  0x00000233ee4d1800 JavaThread "C1 CompilerThread0" daemon [_thread_blocked, id=10300, stack(0x0000008d37700000,0x0000008d37800000)]
  0x00000233ee4e2800 JavaThread "Sweeper thread" daemon [_thread_blocked, id=14420, stack(0x0000008d37800000,0x0000008d37900000)]
  0x00000233ee5f4800 JavaThread "Service Thread" daemon [_thread_blocked, id=7568, stack(0x0000008d37900000,0x0000008d37a00000)]
  0x00000233ee624000 JavaThread "Common-Cleaner" daemon [_thread_blocked, id=16824, stack(0x0000008d37b00000,0x0000008d37c00000)]

Other Threads:
  0x00000233edc0f000 VMThread "VM Thread" [stack: 0x0000008d37100000,0x0000008d37200000] [id=7672]
  0x00000233ee619800 WatcherThread [stack: 0x0000008d37a00000,0x0000008d37b00000] [id=20376]
  0x00000233cc932000 GCTaskThread "GC Thread#0" [stack: 0x0000008d36c00000,0x0000008d36d00000] [id=9636]
  0x00000233ef068000 GCTaskThread "GC Thread#1" [stack: 0x0000008d37c00000,0x0000008d37d00000] [id=17452]
  0x00000233ef068800 GCTaskThread "GC Thread#2" [stack: 0x0000008d37d00000,0x0000008d37e00000] [id=17376]
  0x00000233ef063000 GCTaskThread "GC Thread#3" [stack: 0x0000008d37e00000,0x0000008d37f00000] [id=5016]
  0x00000233cc94b800 ConcurrentGCThread "G1 Main Marker" [stack: 0x0000008d36d00000,0x0000008d36e00000] [id=21328]
  0x00000233cc94d800 ConcurrentGCThread "G1 Conc#0" [stack: 0x0000008d36e00000,0x0000008d36f00000] [id=16672]
  0x00000233eda8c800 ConcurrentGCThread "G1 Refine#0" [stack: 0x0000008d36f00000,0x0000008d37000000] [id=10180]
  0x00000233eda8f000 ConcurrentGCThread "G1 Young RemSet Sampling" [stack: 0x0000008d37000000,0x0000008d37100000] [id=18032]

Threads with active compile tasks:
C2 CompilerThread0     4793 2133       4       org.codehaus.plexus.util.xml.pull.MXParser::parseStartTag (1195 bytes)
C1 CompilerThread0     4793 2187       3       org.codehaus.plexus.util.xml.Xpp3Dom::<init> (125 bytes)

VM state:not at safepoint (normal execution)

VM Mutex/Monitor currently owned by a thread: None

Heap address: 0x0000000742a00000, size: 3030 MB, Compressed Oops mode: Zero based, Oop shift amount: 3
Narrow klass base: 0x0000000800000000, Narrow klass shift: 3
Compressed class space size: 1073741824 Address: 0x0000000800b40000

Heap:
 garbage-first heap   total 194560K, used 19548K [0x0000000742a00000, 0x0000000800000000)
  region size 1024K, 17 young (17408K), 2 survivors (2048K)
 Metaspace       used 12777K, capacity 14524K, committed 14848K, reserved 1062912K
  class space    used 1498K, capacity 1719K, committed 1792K, reserved 1048576K
Heap Regions: E=young(eden), S=young(survivor), O=old, HS=humongous(starts), HC=humongous(continues), CS=collection set, F=free, A=archive, TAMS=top-at-mark-start (previous, next)
|   0|0x0000000742a00000, 0x0000000742b00000, 0x0000000742b00000|100%| O|  |TAMS 0x0000000742a00000, 0x0000000742a00000| Untracked 
|   1|0x0000000742b00000, 0x0000000742c00000, 0x0000000742c00000|100%| O|  |TAMS 0x0000000742b00000, 0x0000000742b00000| Untracked 
|   2|0x0000000742c00000, 0x0000000742d00000, 0x0000000742d00000|100%| O|  |TAMS 0x0000000742c00000, 0x0000000742c00000| Untracked 
|   3|0x0000000742d00000, 0x0000000742d41400, 0x0000000742e00000| 25%| O|  |TAMS 0x0000000742d00000, 0x0000000742d00000| Untracked 
|   4|0x0000000742e00000, 0x0000000742e00000, 0x0000000742f00000|  0%| F|  |TAMS 0x0000000742e00000, 0x0000000742e00000| Untracked 
|   5|0x0000000742f00000, 0x0000000742f00000, 0x0000000743000000|  0%| F|  |TAMS 0x0000000742f00000, 0x0000000742f00000| Untracked 
|   6|0x0000000743000000, 0x0000000743000000, 0x0000000743100000|  0%| F|  |TAMS 0x0000000743000000, 0x0000000743000000| Untracked 
|   7|0x0000000743100000, 0x0000000743100000, 0x0000000743200000|  0%| F|  |TAMS 0x0000000743100000, 0x0000000743100000| Untracked 
|   8|0x0000000743200000, 0x0000000743200000, 0x0000000743300000|  0%| F|  |TAMS 0x0000000743200000, 0x0000000743200000| Untracked 
|   9|0x0000000743300000, 0x0000000743300000, 0x0000000743400000|  0%| F|  |TAMS 0x0000000743300000, 0x0000000743300000| Untracked 
|  10|0x0000000743400000, 0x0000000743400000, 0x0000000743500000|  0%| F|  |TAMS 0x0000000743400000, 0x0000000743400000| Untracked 
|  11|0x0000000743500000, 0x0000000743500000, 0x0000000743600000|  0%| F|  |TAMS 0x0000000743500000, 0x0000000743500000| Untracked 
|  12|0x0000000743600000, 0x0000000743600000, 0x0000000743700000|  0%| F|  |TAMS 0x0000000743600000, 0x0000000743600000| Untracked 
|  13|0x0000000743700000, 0x0000000743700000, 0x0000000743800000|  0%| F|  |TAMS 0x0000000743700000, 0x0000000743700000| Untracked 
|  14|0x0000000743800000, 0x0000000743800000, 0x0000000743900000|  0%| F|  |TAMS 0x0000000743800000, 0x0000000743800000| Untracked 
|  15|0x0000000743900000, 0x0000000743900000, 0x0000000743a00000|  0%| F|  |TAMS 0x0000000743900000, 0x0000000743900000| Untracked 
|  16|0x0000000743a00000, 0x0000000743a00000, 0x0000000743b00000|  0%| F|  |TAMS 0x0000000743a00000, 0x0000000743a00000| Untracked 
|  17|0x0000000743b00000, 0x0000000743b00000, 0x0000000743c00000|  0%| F|  |TAMS 0x0000000743b00000, 0x0000000743b00000| Untracked 
|  18|0x0000000743c00000, 0x0000000743c00000, 0x0000000743d00000|  0%| F|  |TAMS 0x0000000743c00000, 0x0000000743c00000| Untracked 
|  19|0x0000000743d00000, 0x0000000743d00000, 0x0000000743e00000|  0%| F|  |TAMS 0x0000000743d00000, 0x0000000743d00000| Untracked 
|  20|0x0000000743e00000, 0x0000000743e00000, 0x0000000743f00000|  0%| F|  |TAMS 0x0000000743e00000, 0x0000000743e00000| Untracked 
|  21|0x0000000743f00000, 0x0000000743f00000, 0x0000000744000000|  0%| F|  |TAMS 0x0000000743f00000, 0x0000000743f00000| Untracked 
|  22|0x0000000744000000, 0x0000000744000000, 0x0000000744100000|  0%| F|  |TAMS 0x0000000744000000, 0x0000000744000000| Untracked 
|  23|0x0000000744100000, 0x0000000744100000, 0x0000000744200000|  0%| F|  |TAMS 0x0000000744100000, 0x0000000744100000| Untracked 
|  24|0x0000000744200000, 0x0000000744200000, 0x0000000744300000|  0%| F|  |TAMS 0x0000000744200000, 0x0000000744200000| Untracked 
|  25|0x0000000744300000, 0x0000000744300000, 0x0000000744400000|  0%| F|  |TAMS 0x0000000744300000, 0x0000000744300000| Untracked 
|  26|0x0000000744400000, 0x0000000744400000, 0x0000000744500000|  0%| F|  |TAMS 0x0000000744400000, 0x0000000744400000| Untracked 
|  27|0x0000000744500000, 0x0000000744500000, 0x0000000744600000|  0%| F|  |TAMS 0x0000000744500000, 0x0000000744500000| Untracked 
|  28|0x0000000744600000, 0x0000000744600000, 0x0000000744700000|  0%| F|  |TAMS 0x0000000744600000, 0x0000000744600000| Untracked 
|  29|0x0000000744700000, 0x0000000744700000, 0x0000000744800000|  0%| F|  |TAMS 0x0000000744700000, 0x0000000744700000| Untracked 
|  30|0x0000000744800000, 0x0000000744800000, 0x0000000744900000|  0%| F|  |TAMS 0x0000000744800000, 0x0000000744800000| Untracked 
|  31|0x0000000744900000, 0x0000000744900000, 0x0000000744a00000|  0%| F|  |TAMS 0x0000000744900000, 0x0000000744900000| Untracked 
|  32|0x0000000744a00000, 0x0000000744a00000, 0x0000000744b00000|  0%| F|  |TAMS 0x0000000744a00000, 0x0000000744a00000| Untracked 
|  33|0x0000000744b00000, 0x0000000744b00000, 0x0000000744c00000|  0%| F|  |TAMS 0x0000000744b00000, 0x0000000744b00000| Untracked 
|  34|0x0000000744c00000, 0x0000000744c00000, 0x0000000744d00000|  0%| F|  |TAMS 0x0000000744c00000, 0x0000000744c00000| Untracked 
|  35|0x0000000744d00000, 0x0000000744d00000, 0x0000000744e00000|  0%| F|  |TAMS 0x0000000744d00000, 0x0000000744d00000| Untracked 
|  36|0x0000000744e00000, 0x0000000744e00000, 0x0000000744f00000|  0%| F|  |TAMS 0x0000000744e00000, 0x0000000744e00000| Untracked 
|  37|0x0000000744f00000, 0x0000000744f00000, 0x0000000745000000|  0%| F|  |TAMS 0x0000000744f00000, 0x0000000744f00000| Untracked 
|  38|0x0000000745000000, 0x0000000745000000, 0x0000000745100000|  0%| F|  |TAMS 0x0000000745000000, 0x0000000745000000| Untracked 
|  39|0x0000000745100000, 0x0000000745100000, 0x0000000745200000|  0%| F|  |TAMS 0x0000000745100000, 0x0000000745100000| Untracked 
|  40|0x0000000745200000, 0x0000000745200000, 0x0000000745300000|  0%| F|  |TAMS 0x0000000745200000, 0x0000000745200000| Untracked 
|  41|0x0000000745300000, 0x0000000745300000, 0x0000000745400000|  0%| F|  |TAMS 0x0000000745300000, 0x0000000745300000| Untracked 
|  42|0x0000000745400000, 0x0000000745400000, 0x0000000745500000|  0%| F|  |TAMS 0x0000000745400000, 0x0000000745400000| Untracked 
|  43|0x0000000745500000, 0x0000000745500000, 0x0000000745600000|  0%| F|  |TAMS 0x0000000745500000, 0x0000000745500000| Untracked 
|  44|0x0000000745600000, 0x0000000745600000, 0x0000000745700000|  0%| F|  |TAMS 0x0000000745600000, 0x0000000745600000| Untracked 
|  45|0x0000000745700000, 0x0000000745700000, 0x0000000745800000|  0%| F|  |TAMS 0x0000000745700000, 0x0000000745700000| Untracked 
|  46|0x0000000745800000, 0x0000000745800000, 0x0000000745900000|  0%| F|  |TAMS 0x0000000745800000, 0x0000000745800000| Untracked 
|  47|0x0000000745900000, 0x0000000745900000, 0x0000000745a00000|  0%| F|  |TAMS 0x0000000745900000, 0x0000000745900000| Untracked 
|  48|0x0000000745a00000, 0x0000000745a00000, 0x0000000745b00000|  0%| F|  |TAMS 0x0000000745a00000, 0x0000000745a00000| Untracked 
|  49|0x0000000745b00000, 0x0000000745b00000, 0x0000000745c00000|  0%| F|  |TAMS 0x0000000745b00000, 0x0000000745b00000| Untracked 
|  50|0x0000000745c00000, 0x0000000745c00000, 0x0000000745d00000|  0%| F|  |TAMS 0x0000000745c00000, 0x0000000745c00000| Untracked 
|  51|0x0000000745d00000, 0x0000000745d00000, 0x0000000745e00000|  0%| F|  |TAMS 0x0000000745d00000, 0x0000000745d00000| Untracked 
|  52|0x0000000745e00000, 0x0000000745e00000, 0x0000000745f00000|  0%| F|  |TAMS 0x0000000745e00000, 0x0000000745e00000| Untracked 
|  53|0x0000000745f00000, 0x0000000745f00000, 0x0000000746000000|  0%| F|  |TAMS 0x0000000745f00000, 0x0000000745f00000| Untracked 
|  54|0x0000000746000000, 0x0000000746000000, 0x0000000746100000|  0%| F|  |TAMS 0x0000000746000000, 0x0000000746000000| Untracked 
|  55|0x0000000746100000, 0x0000000746100000, 0x0000000746200000|  0%| F|  |TAMS 0x0000000746100000, 0x0000000746100000| Untracked 
|  56|0x0000000746200000, 0x0000000746200000, 0x0000000746300000|  0%| F|  |TAMS 0x0000000746200000, 0x0000000746200000| Untracked 
|  57|0x0000000746300000, 0x0000000746300000, 0x0000000746400000|  0%| F|  |TAMS 0x0000000746300000, 0x0000000746300000| Untracked 
|  58|0x0000000746400000, 0x0000000746400000, 0x0000000746500000|  0%| F|  |TAMS 0x0000000746400000, 0x0000000746400000| Untracked 
|  59|0x0000000746500000, 0x0000000746500000, 0x0000000746600000|  0%| F|  |TAMS 0x0000000746500000, 0x0000000746500000| Untracked 
|  60|0x0000000746600000, 0x0000000746600000, 0x0000000746700000|  0%| F|  |TAMS 0x0000000746600000, 0x0000000746600000| Untracked 
|  61|0x0000000746700000, 0x0000000746700000, 0x0000000746800000|  0%| F|  |TAMS 0x0000000746700000, 0x0000000746700000| Untracked 
|  62|0x0000000746800000, 0x0000000746800000, 0x0000000746900000|  0%| F|  |TAMS 0x0000000746800000, 0x0000000746800000| Untracked 
|  63|0x0000000746900000, 0x0000000746900000, 0x0000000746a00000|  0%| F|  |TAMS 0x0000000746900000, 0x0000000746900000| Untracked 
|  64|0x0000000746a00000, 0x0000000746a00000, 0x0000000746b00000|  0%| F|  |TAMS 0x0000000746a00000, 0x0000000746a00000| Untracked 
|  65|0x0000000746b00000, 0x0000000746b00000, 0x0000000746c00000|  0%| F|  |TAMS 0x0000000746b00000, 0x0000000746b00000| Untracked 
|  66|0x0000000746c00000, 0x0000000746c00000, 0x0000000746d00000|  0%| F|  |TAMS 0x0000000746c00000, 0x0000000746c00000| Untracked 
|  67|0x0000000746d00000, 0x0000000746d00000, 0x0000000746e00000|  0%| F|  |TAMS 0x0000000746d00000, 0x0000000746d00000| Untracked 
|  68|0x0000000746e00000, 0x0000000746e00000, 0x0000000746f00000|  0%| F|  |TAMS 0x0000000746e00000, 0x0000000746e00000| Untracked 
|  69|0x0000000746f00000, 0x0000000746f00000, 0x0000000747000000|  0%| F|  |TAMS 0x0000000746f00000, 0x0000000746f00000| Untracked 
|  70|0x0000000747000000, 0x0000000747000000, 0x0000000747100000|  0%| F|  |TAMS 0x0000000747000000, 0x0000000747000000| Untracked 
|  71|0x0000000747100000, 0x0000000747100000, 0x0000000747200000|  0%| F|  |TAMS 0x0000000747100000, 0x0000000747100000| Untracked 
|  72|0x0000000747200000, 0x0000000747200000, 0x0000000747300000|  0%| F|  |TAMS 0x0000000747200000, 0x0000000747200000| Untracked 
|  73|0x0000000747300000, 0x0000000747300000, 0x0000000747400000|  0%| F|  |TAMS 0x0000000747300000, 0x0000000747300000| Untracked 
|  74|0x0000000747400000, 0x0000000747400000, 0x0000000747500000|  0%| F|  |TAMS 0x0000000747400000, 0x0000000747400000| Untracked 
|  75|0x0000000747500000, 0x0000000747500000, 0x0000000747600000|  0%| F|  |TAMS 0x0000000747500000, 0x0000000747500000| Untracked 
|  76|0x0000000747600000, 0x0000000747600000, 0x0000000747700000|  0%| F|  |TAMS 0x0000000747600000, 0x0000000747600000| Untracked 
|  77|0x0000000747700000, 0x0000000747700000, 0x0000000747800000|  0%| F|  |TAMS 0x0000000747700000, 0x0000000747700000| Untracked 
|  78|0x0000000747800000, 0x0000000747800000, 0x0000000747900000|  0%| F|  |TAMS 0x0000000747800000, 0x0000000747800000| Untracked 
|  79|0x0000000747900000, 0x0000000747900000, 0x0000000747a00000|  0%| F|  |TAMS 0x0000000747900000, 0x0000000747900000| Untracked 
|  80|0x0000000747a00000, 0x0000000747a00000, 0x0000000747b00000|  0%| F|  |TAMS 0x0000000747a00000, 0x0000000747a00000| Untracked 
|  81|0x0000000747b00000, 0x0000000747b00000, 0x0000000747c00000|  0%| F|  |TAMS 0x0000000747b00000, 0x0000000747b00000| Untracked 
|  82|0x0000000747c00000, 0x0000000747c00000, 0x0000000747d00000|  0%| F|  |TAMS 0x0000000747c00000, 0x0000000747c00000| Untracked 
|  83|0x0000000747d00000, 0x0000000747d00000, 0x0000000747e00000|  0%| F|  |TAMS 0x0000000747d00000, 0x0000000747d00000| Untracked 
|  84|0x0000000747e00000, 0x0000000747e00000, 0x0000000747f00000|  0%| F|  |TAMS 0x0000000747e00000, 0x0000000747e00000| Untracked 
|  85|0x0000000747f00000, 0x0000000747f00000, 0x0000000748000000|  0%| F|  |TAMS 0x0000000747f00000, 0x0000000747f00000| Untracked 
|  86|0x0000000748000000, 0x0000000748000000, 0x0000000748100000|  0%| F|  |TAMS 0x0000000748000000, 0x0000000748000000| Untracked 
|  87|0x0000000748100000, 0x0000000748100000, 0x0000000748200000|  0%| F|  |TAMS 0x0000000748100000, 0x0000000748100000| Untracked 
|  88|0x0000000748200000, 0x0000000748200000, 0x0000000748300000|  0%| F|  |TAMS 0x0000000748200000, 0x0000000748200000| Untracked 
|  89|0x0000000748300000, 0x0000000748300000, 0x0000000748400000|  0%| F|  |TAMS 0x0000000748300000, 0x0000000748300000| Untracked 
|  90|0x0000000748400000, 0x0000000748400000, 0x0000000748500000|  0%| F|  |TAMS 0x0000000748400000, 0x0000000748400000| Untracked 
|  91|0x0000000748500000, 0x0000000748500000, 0x0000000748600000|  0%| F|  |TAMS 0x0000000748500000, 0x0000000748500000| Untracked 
|  92|0x0000000748600000, 0x0000000748600000, 0x0000000748700000|  0%| F|  |TAMS 0x0000000748600000, 0x0000000748600000| Untracked 
|  93|0x0000000748700000, 0x0000000748700000, 0x0000000748800000|  0%| F|  |TAMS 0x0000000748700000, 0x0000000748700000| Untracked 
|  94|0x0000000748800000, 0x0000000748800000, 0x0000000748900000|  0%| F|  |TAMS 0x0000000748800000, 0x0000000748800000| Untracked 
|  95|0x0000000748900000, 0x0000000748900000, 0x0000000748a00000|  0%| F|  |TAMS 0x0000000748900000, 0x0000000748900000| Untracked 
|  96|0x0000000748a00000, 0x0000000748a00000, 0x0000000748b00000|  0%| F|  |TAMS 0x0000000748a00000, 0x0000000748a00000| Untracked 
|  97|0x0000000748b00000, 0x0000000748b00000, 0x0000000748c00000|  0%| F|  |TAMS 0x0000000748b00000, 0x0000000748b00000| Untracked 
|  98|0x0000000748c00000, 0x0000000748c00000, 0x0000000748d00000|  0%| F|  |TAMS 0x0000000748c00000, 0x0000000748c00000| Untracked 
|  99|0x0000000748d00000, 0x0000000748d00000, 0x0000000748e00000|  0%| F|  |TAMS 0x0000000748d00000, 0x0000000748d00000| Untracked 
| 100|0x0000000748e00000, 0x0000000748e00000, 0x0000000748f00000|  0%| F|  |TAMS 0x0000000748e00000, 0x0000000748e00000| Untracked 
| 101|0x0000000748f00000, 0x0000000748f00000, 0x0000000749000000|  0%| F|  |TAMS 0x0000000748f00000, 0x0000000748f00000| Untracked 
| 102|0x0000000749000000, 0x0000000749000000, 0x0000000749100000|  0%| F|  |TAMS 0x0000000749000000, 0x0000000749000000| Untracked 
| 103|0x0000000749100000, 0x0000000749100000, 0x0000000749200000|  0%| F|  |TAMS 0x0000000749100000, 0x0000000749100000| Untracked 
| 104|0x0000000749200000, 0x0000000749200000, 0x0000000749300000|  0%| F|  |TAMS 0x0000000749200000, 0x0000000749200000| Untracked 
| 105|0x0000000749300000, 0x0000000749300000, 0x0000000749400000|  0%| F|  |TAMS 0x0000000749300000, 0x0000000749300000| Untracked 
| 106|0x0000000749400000, 0x0000000749400000, 0x0000000749500000|  0%| F|  |TAMS 0x0000000749400000, 0x0000000749400000| Untracked 
| 107|0x0000000749500000, 0x0000000749500000, 0x0000000749600000|  0%| F|  |TAMS 0x0000000749500000, 0x0000000749500000| Untracked 
| 108|0x0000000749600000, 0x0000000749600000, 0x0000000749700000|  0%| F|  |TAMS 0x0000000749600000, 0x0000000749600000| Untracked 
| 109|0x0000000749700000, 0x0000000749700000, 0x0000000749800000|  0%| F|  |TAMS 0x0000000749700000, 0x0000000749700000| Untracked 
| 110|0x0000000749800000, 0x0000000749800000, 0x0000000749900000|  0%| F|  |TAMS 0x0000000749800000, 0x0000000749800000| Untracked 
| 111|0x0000000749900000, 0x0000000749900000, 0x0000000749a00000|  0%| F|  |TAMS 0x0000000749900000, 0x0000000749900000| Untracked 
| 112|0x0000000749a00000, 0x0000000749a00000, 0x0000000749b00000|  0%| F|  |TAMS 0x0000000749a00000, 0x0000000749a00000| Untracked 
| 113|0x0000000749b00000, 0x0000000749b00000, 0x0000000749c00000|  0%| F|  |TAMS 0x0000000749b00000, 0x0000000749b00000| Untracked 
| 114|0x0000000749c00000, 0x0000000749c00000, 0x0000000749d00000|  0%| F|  |TAMS 0x0000000749c00000, 0x0000000749c00000| Untracked 
| 115|0x0000000749d00000, 0x0000000749d00000, 0x0000000749e00000|  0%| F|  |TAMS 0x0000000749d00000, 0x0000000749d00000| Untracked 
| 116|0x0000000749e00000, 0x0000000749e00000, 0x0000000749f00000|  0%| F|  |TAMS 0x0000000749e00000, 0x0000000749e00000| Untracked 
| 117|0x0000000749f00000, 0x0000000749f00000, 0x000000074a000000|  0%| F|  |TAMS 0x0000000749f00000, 0x0000000749f00000| Untracked 
| 118|0x000000074a000000, 0x000000074a000000, 0x000000074a100000|  0%| F|  |TAMS 0x000000074a000000, 0x000000074a000000| Untracked 
| 119|0x000000074a100000, 0x000000074a100000, 0x000000074a200000|  0%| F|  |TAMS 0x000000074a100000, 0x000000074a100000| Untracked 
| 120|0x000000074a200000, 0x000000074a200000, 0x000000074a300000|  0%| F|  |TAMS 0x000000074a200000, 0x000000074a200000| Untracked 
| 121|0x000000074a300000, 0x000000074a300000, 0x000000074a400000|  0%| F|  |TAMS 0x000000074a300000, 0x000000074a300000| Untracked 
| 122|0x000000074a400000, 0x000000074a400000, 0x000000074a500000|  0%| F|  |TAMS 0x000000074a400000, 0x000000074a400000| Untracked 
| 123|0x000000074a500000, 0x000000074a500000, 0x000000074a600000|  0%| F|  |TAMS 0x000000074a500000, 0x000000074a500000| Untracked 
| 124|0x000000074a600000, 0x000000074a600000, 0x000000074a700000|  0%| F|  |TAMS 0x000000074a600000, 0x000000074a600000| Untracked 
| 125|0x000000074a700000, 0x000000074a700000, 0x000000074a800000|  0%| F|  |TAMS 0x000000074a700000, 0x000000074a700000| Untracked 
| 126|0x000000074a800000, 0x000000074a800000, 0x000000074a900000|  0%| F|  |TAMS 0x000000074a800000, 0x000000074a800000| Untracked 
| 127|0x000000074a900000, 0x000000074a900000, 0x000000074aa00000|  0%| F|  |TAMS 0x000000074a900000, 0x000000074a900000| Untracked 
| 128|0x000000074aa00000, 0x000000074aa00000, 0x000000074ab00000|  0%| F|  |TAMS 0x000000074aa00000, 0x000000074aa00000| Untracked 
| 129|0x000000074ab00000, 0x000000074ab00000, 0x000000074ac00000|  0%| F|  |TAMS 0x000000074ab00000, 0x000000074ab00000| Untracked 
| 130|0x000000074ac00000, 0x000000074ac00000, 0x000000074ad00000|  0%| F|  |TAMS 0x000000074ac00000, 0x000000074ac00000| Untracked 
| 131|0x000000074ad00000, 0x000000074ad00000, 0x000000074ae00000|  0%| F|  |TAMS 0x000000074ad00000, 0x000000074ad00000| Untracked 
| 132|0x000000074ae00000, 0x000000074ae00000, 0x000000074af00000|  0%| F|  |TAMS 0x000000074ae00000, 0x000000074ae00000| Untracked 
| 133|0x000000074af00000, 0x000000074af00000, 0x000000074b000000|  0%| F|  |TAMS 0x000000074af00000, 0x000000074af00000| Untracked 
| 134|0x000000074b000000, 0x000000074b000000, 0x000000074b100000|  0%| F|  |TAMS 0x000000074b000000, 0x000000074b000000| Untracked 
| 135|0x000000074b100000, 0x000000074b100000, 0x000000074b200000|  0%| F|  |TAMS 0x000000074b100000, 0x000000074b100000| Untracked 
| 136|0x000000074b200000, 0x000000074b200000, 0x000000074b300000|  0%| F|  |TAMS 0x000000074b200000, 0x000000074b200000| Untracked 
| 137|0x000000074b300000, 0x000000074b300000, 0x000000074b400000|  0%| F|  |TAMS 0x000000074b300000, 0x000000074b300000| Untracked 
| 138|0x000000074b400000, 0x000000074b400000, 0x000000074b500000|  0%| F|  |TAMS 0x000000074b400000, 0x000000074b400000| Untracked 
| 139|0x000000074b500000, 0x000000074b500000, 0x000000074b600000|  0%| F|  |TAMS 0x000000074b500000, 0x000000074b500000| Untracked 
| 140|0x000000074b600000, 0x000000074b600000, 0x000000074b700000|  0%| F|  |TAMS 0x000000074b600000, 0x000000074b600000| Untracked 
| 141|0x000000074b700000, 0x000000074b700000, 0x000000074b800000|  0%| F|  |TAMS 0x000000074b700000, 0x000000074b700000| Untracked 
| 142|0x000000074b800000, 0x000000074b800000, 0x000000074b900000|  0%| F|  |TAMS 0x000000074b800000, 0x000000074b800000| Untracked 
| 143|0x000000074b900000, 0x000000074b900000, 0x000000074ba00000|  0%| F|  |TAMS 0x000000074b900000, 0x000000074b900000| Untracked 
| 144|0x000000074ba00000, 0x000000074ba00000, 0x000000074bb00000|  0%| F|  |TAMS 0x000000074ba00000, 0x000000074ba00000| Untracked 
| 145|0x000000074bb00000, 0x000000074bb00000, 0x000000074bc00000|  0%| F|  |TAMS 0x000000074bb00000, 0x000000074bb00000| Untracked 
| 146|0x000000074bc00000, 0x000000074bc00000, 0x000000074bd00000|  0%| F|  |TAMS 0x000000074bc00000, 0x000000074bc00000| Untracked 
| 147|0x000000074bd00000, 0x000000074bd00000, 0x000000074be00000|  0%| F|  |TAMS 0x000000074bd00000, 0x000000074bd00000| Untracked 
| 148|0x000000074be00000, 0x000000074be00000, 0x000000074bf00000|  0%| F|  |TAMS 0x000000074be00000, 0x000000074be00000| Untracked 
| 149|0x000000074bf00000, 0x000000074bf00000, 0x000000074c000000|  0%| F|  |TAMS 0x000000074bf00000, 0x000000074bf00000| Untracked 
| 150|0x000000074c000000, 0x000000074c000000, 0x000000074c100000|  0%| F|  |TAMS 0x000000074c000000, 0x000000074c000000| Untracked 
| 151|0x000000074c100000, 0x000000074c100000, 0x000000074c200000|  0%| F|  |TAMS 0x000000074c100000, 0x000000074c100000| Untracked 
| 152|0x000000074c200000, 0x000000074c200000, 0x000000074c300000|  0%| F|  |TAMS 0x000000074c200000, 0x000000074c200000| Untracked 
| 153|0x000000074c300000, 0x000000074c300000, 0x000000074c400000|  0%| F|  |TAMS 0x000000074c300000, 0x000000074c300000| Untracked 
| 154|0x000000074c400000, 0x000000074c400000, 0x000000074c500000|  0%| F|  |TAMS 0x000000074c400000, 0x000000074c400000| Untracked 
| 155|0x000000074c500000, 0x000000074c500000, 0x000000074c600000|  0%| F|  |TAMS 0x000000074c500000, 0x000000074c500000| Untracked 
| 156|0x000000074c600000, 0x000000074c600000, 0x000000074c700000|  0%| F|  |TAMS 0x000000074c600000, 0x000000074c600000| Untracked 
| 157|0x000000074c700000, 0x000000074c700000, 0x000000074c800000|  0%| F|  |TAMS 0x000000074c700000, 0x000000074c700000| Untracked 
| 158|0x000000074c800000, 0x000000074c800000, 0x000000074c900000|  0%| F|  |TAMS 0x000000074c800000, 0x000000074c800000| Untracked 
| 159|0x000000074c900000, 0x000000074c9d5c08, 0x000000074ca00000| 83%| S|CS|TAMS 0x000000074c900000, 0x000000074c900000| Complete 
| 160|0x000000074ca00000, 0x000000074cb00000, 0x000000074cb00000|100%| S|CS|TAMS 0x000000074ca00000, 0x000000074ca00000| Complete 
| 161|0x000000074cb00000, 0x000000074cb00000, 0x000000074cc00000|  0%| F|  |TAMS 0x000000074cb00000, 0x000000074cb00000| Untracked 
| 162|0x000000074cc00000, 0x000000074cc00000, 0x000000074cd00000|  0%| F|  |TAMS 0x000000074cc00000, 0x000000074cc00000| Untracked 
| 163|0x000000074cd00000, 0x000000074cd00000, 0x000000074ce00000|  0%| F|  |TAMS 0x000000074cd00000, 0x000000074cd00000| Untracked 
| 164|0x000000074ce00000, 0x000000074ce00000, 0x000000074cf00000|  0%| F|  |TAMS 0x000000074ce00000, 0x000000074ce00000| Untracked 
| 165|0x000000074cf00000, 0x000000074cf00000, 0x000000074d000000|  0%| F|  |TAMS 0x000000074cf00000, 0x000000074cf00000| Untracked 
| 166|0x000000074d000000, 0x000000074d000000, 0x000000074d100000|  0%| F|  |TAMS 0x000000074d000000, 0x000000074d000000| Untracked 
| 167|0x000000074d100000, 0x000000074d100000, 0x000000074d200000|  0%| F|  |TAMS 0x000000074d100000, 0x000000074d100000| Untracked 
| 168|0x000000074d200000, 0x000000074d200000, 0x000000074d300000|  0%| F|  |TAMS 0x000000074d200000, 0x000000074d200000| Untracked 
| 169|0x000000074d300000, 0x000000074d300000, 0x000000074d400000|  0%| F|  |TAMS 0x000000074d300000, 0x000000074d300000| Untracked 
| 170|0x000000074d400000, 0x000000074d400000, 0x000000074d500000|  0%| F|  |TAMS 0x000000074d400000, 0x000000074d400000| Untracked 
| 171|0x000000074d500000, 0x000000074d500000, 0x000000074d600000|  0%| F|  |TAMS 0x000000074d500000, 0x000000074d500000| Untracked 
| 172|0x000000074d600000, 0x000000074d600000, 0x000000074d700000|  0%| F|  |TAMS 0x000000074d600000, 0x000000074d600000| Untracked 
| 173|0x000000074d700000, 0x000000074d700000, 0x000000074d800000|  0%| F|  |TAMS 0x000000074d700000, 0x000000074d700000| Untracked 
| 174|0x000000074d800000, 0x000000074d800000, 0x000000074d900000|  0%| F|  |TAMS 0x000000074d800000, 0x000000074d800000| Untracked 
| 175|0x000000074d900000, 0x000000074da00000, 0x000000074da00000|100%| E|  |TAMS 0x000000074d900000, 0x000000074d900000| Complete 
| 176|0x000000074da00000, 0x000000074db00000, 0x000000074db00000|100%| E|CS|TAMS 0x000000074da00000, 0x000000074da00000| Complete 
| 177|0x000000074db00000, 0x000000074dc00000, 0x000000074dc00000|100%| E|CS|TAMS 0x000000074db00000, 0x000000074db00000| Complete 
| 178|0x000000074dc00000, 0x000000074dd00000, 0x000000074dd00000|100%| E|CS|TAMS 0x000000074dc00000, 0x000000074dc00000| Complete 
| 179|0x000000074dd00000, 0x000000074de00000, 0x000000074de00000|100%| E|CS|TAMS 0x000000074dd00000, 0x000000074dd00000| Complete 
| 180|0x000000074de00000, 0x000000074df00000, 0x000000074df00000|100%| E|CS|TAMS 0x000000074de00000, 0x000000074de00000| Complete 
| 181|0x000000074df00000, 0x000000074e000000, 0x000000074e000000|100%| E|CS|TAMS 0x000000074df00000, 0x000000074df00000| Complete 
| 182|0x000000074e000000, 0x000000074e100000, 0x000000074e100000|100%| E|CS|TAMS 0x000000074e000000, 0x000000074e000000| Complete 
| 183|0x000000074e100000, 0x000000074e200000, 0x000000074e200000|100%| E|CS|TAMS 0x000000074e100000, 0x000000074e100000| Complete 
| 184|0x000000074e200000, 0x000000074e300000, 0x000000074e300000|100%| E|CS|TAMS 0x000000074e200000, 0x000000074e200000| Complete 
| 185|0x000000074e300000, 0x000000074e400000, 0x000000074e400000|100%| E|CS|TAMS 0x000000074e300000, 0x000000074e300000| Complete 
| 186|0x000000074e400000, 0x000000074e500000, 0x000000074e500000|100%| E|CS|TAMS 0x000000074e400000, 0x000000074e400000| Complete 
| 187|0x000000074e500000, 0x000000074e600000, 0x000000074e600000|100%| E|CS|TAMS 0x000000074e500000, 0x000000074e500000| Complete 
| 188|0x000000074e600000, 0x000000074e700000, 0x000000074e700000|100%| E|CS|TAMS 0x000000074e600000, 0x000000074e600000| Complete 
| 189|0x000000074e700000, 0x000000074e800000, 0x000000074e800000|100%| E|CS|TAMS 0x000000074e700000, 0x000000074e700000| Complete 

Card table byte_map: [0x00000233e4ae0000,0x00000233e50d0000] _byte_map_base: 0x00000233e10cb000

Marking Bits (Prev, Next): (CMBitMap*) 0x00000233cc932e18, (CMBitMap*) 0x00000233cc932e58
 Prev Bits: [0x00000233e56c0000, 0x00000233e8618000)
 Next Bits: [0x00000233e8620000, 0x00000233eb578000)

Polling page: 0x00000233cc9c0000

Metaspace:

Usage:
  Non-class:     12.50 MB capacity,    11.01 MB ( 88%) used,     1.47 MB ( 12%) free+waste,    15.81 KB ( <1%) overhead. 
      Class:      1.68 MB capacity,     1.46 MB ( 87%) used,   213.23 KB ( 12%) free+waste,     7.13 KB ( <1%) overhead. 
       Both:     14.18 MB capacity,    12.48 MB ( 88%) used,     1.68 MB ( 12%) free+waste,    22.94 KB ( <1%) overhead. 

Virtual space:
  Non-class space:       14.00 MB reserved,      12.75 MB ( 91%) committed 
      Class space:        1.00 GB reserved,       1.75 MB ( <1%) committed 
             Both:        1.01 GB reserved,      14.50 MB (  1%) committed 

Chunk freelists:
   Non-Class:  59.00 KB
       Class:  9.00 KB
        Both:  68.00 KB

MaxMetaspaceSize: 17179869184.00 GB
CompressedClassSpaceSize: 1.00 GB

CodeHeap 'non-profiled nmethods': size=120064Kb used=793Kb max_used=793Kb free=119270Kb
 bounds [0x00000233dc8d0000, 0x00000233dcb40000, 0x00000233e3e10000]
CodeHeap 'profiled nmethods': size=120000Kb used=4839Kb max_used=4839Kb free=115160Kb
 bounds [0x00000233d53a0000, 0x00000233d5860000, 0x00000233dc8d0000]
CodeHeap 'non-nmethods': size=5696Kb used=1211Kb max_used=1220Kb free=4484Kb
 bounds [0x00000233d4e10000, 0x00000233d5080000, 0x00000233d53a0000]
 total_blobs=3387 nmethods=2174 adapters=378
 compilation: enabled
              stopped_count=0, restarted_count=0
 full_count=0

Compilation events (20 events):
Event: 4.572 Thread 0x00000233ee4d1800 nmethod 2125 0x00000233d5821290 code [0x00000233d5821440, 0x00000233d5821690]
Event: 4.595 Thread 0x00000233ee4d1800 2126       3       org.apache.maven.model.io.xpp3.MavenXpp3Reader::checkFieldWithDuplicate (75 bytes)
Event: 4.596 Thread 0x00000233ee4ad800 2127       4       org.codehaus.plexus.util.xml.pull.MXParser::next (10 bytes)
Event: 4.596 Thread 0x00000233ee4ad800 nmethod 2127 0x00000233dc992f10 code [0x00000233dc9930a0, 0x00000233dc993148]
Event: 4.597 Thread 0x00000233ee4d1800 nmethod 2126 0x00000233d5821790 code [0x00000233d5821a60, 0x00000233d5822780]
Event: 4.597 Thread 0x00000233ee4d1800 2128       3       java.util.ArrayList::remove (26 bytes)
Event: 4.597 Thread 0x00000233ee4d1800 nmethod 2128 0x00000233d5822c90 code [0x00000233d5822ec0, 0x00000233d5823720]
Event: 4.599 Thread 0x00000233ee4d1800 2129       3       java.util.regex.Pattern$Node::<init> (12 bytes)
Event: 4.599 Thread 0x00000233ee4d1800 nmethod 2129 0x00000233d5823a10 code [0x00000233d5823bc0, 0x00000233d5823e18]
Event: 4.599 Thread 0x00000233ee4d1800 2130       3       java.util.regex.Pattern$GroupHead::match (47 bytes)
Event: 4.600 Thread 0x00000233ee4d1800 nmethod 2130 0x00000233d5823f10 code [0x00000233d58240c0, 0x00000233d58243b0]
Event: 4.603 Thread 0x00000233ee4d1800 2131       3       java.util.regex.Matcher::reset (128 bytes)
Event: 4.604 Thread 0x00000233ee4d1800 nmethod 2131 0x00000233d5824590 code [0x00000233d5824780, 0x00000233d5824de0]
Event: 4.619 Thread 0x00000233ee4d1800 2132       3       org.codehaus.plexus.util.xml.pull.MXParser::nextImpl (1202 bytes)
Event: 4.619 Thread 0x00000233ee4ad800 2133       4       org.codehaus.plexus.util.xml.pull.MXParser::parseStartTag (1195 bytes)
Event: 4.626 Thread 0x00000233ee4d1800 nmethod 2132 0x00000233d5825010 code [0x00000233d58256e0, 0x00000233d5829260]
Event: 4.626 Thread 0x00000233ee4d1800 2136       3       org.apache.maven.model.io.xpp3.MavenXpp3Reader::nextTag (64 bytes)
Event: 4.627 Thread 0x00000233ee4d1800 nmethod 2136 0x00000233d582a410 code [0x00000233d582a6c0, 0x00000233d582b340]
Event: 4.627 Thread 0x00000233ee4d1800 2134       3       org.codehaus.plexus.util.xml.pull.MXParser::getAttributeCount (15 bytes)
Event: 4.627 Thread 0x00000233ee4d1800 nmethod 2134 0x00000233d582b790 code [0x00000233d582b940, 0x00000233d582bb18]

GC Heap History (6 events):
Event: 2.113 GC heap before
{Heap before GC invocations=0 (full 0):
 garbage-first heap   total 194560K, used 14336K [0x0000000742a00000, 0x0000000800000000)
  region size 1024K, 14 young (14336K), 0 survivors (0K)
 Metaspace       used 4215K, capacity 6893K, committed 7168K, reserved 1056768K
  class space    used 451K, capacity 728K, committed 768K, reserved 1048576K
}
Event: 2.124 GC heap after
{Heap after GC invocations=1 (full 0):
 garbage-first heap   total 194560K, used 3274K [0x0000000742a00000, 0x0000000800000000)
  region size 1024K, 2 young (2048K), 2 survivors (2048K)
 Metaspace       used 4215K, capacity 6893K, committed 7168K, reserved 1056768K
  class space    used 451K, capacity 728K, committed 768K, reserved 1048576K
}
Event: 2.586 GC heap before
{Heap before GC invocations=1 (full 0):
 garbage-first heap   total 194560K, used 13514K [0x0000000742a00000, 0x0000000800000000)
  region size 1024K, 12 young (12288K), 2 survivors (2048K)
 Metaspace       used 5597K, capacity 7833K, committed 8064K, reserved 1056768K
  class space    used 656K, capacity 892K, committed 896K, reserved 1048576K
}
Event: 2.590 GC heap after
{Heap after GC invocations=2 (full 0):
 garbage-first heap   total 194560K, used 3892K [0x0000000742a00000, 0x0000000800000000)
  region size 1024K, 1 young (1024K), 1 survivors (1024K)
 Metaspace       used 5597K, capacity 7833K, committed 8064K, reserved 1056768K
  class space    used 656K, capacity 892K, committed 896K, reserved 1048576K
}
Event: 3.658 GC heap before
{Heap before GC invocations=2 (full 0):
 garbage-first heap   total 194560K, used 32564K [0x0000000742a00000, 0x0000000800000000)
  region size 1024K, 29 young (29696K), 1 survivors (1024K)
 Metaspace       used 9989K, capacity 11894K, committed 12032K, reserved 1060864K
  class space    used 1218K, capacity 1451K, committed 1536K, reserved 1048576K
}
Event: 3.663 GC heap after
{Heap after GC invocations=3 (full 0):
 garbage-first heap   total 194560K, used 5212K [0x0000000742a00000, 0x0000000800000000)
  region size 1024K, 2 young (2048K), 2 survivors (2048K)
 Metaspace       used 9989K, capacity 11894K, committed 12032K, reserved 1060864K
  class space    used 1218K, capacity 1451K, committed 1536K, reserved 1048576K
}

Deoptimization events (20 events):
Event: 3.501 Thread 0x00000233cc8dc000 Uncommon trap: trap_request=0xffffffc6 fr.pc=0x00000233dc911750 relative=0x0000000000000650
Event: 3.501 Thread 0x00000233cc8dc000 Uncommon trap: reason=bimorphic_or_optimized_type_check action=maybe_recompile pc=0x00000233dc911750 method=java.util.concurrent.ConcurrentHashMap.get(Ljava/lang/Object;)Ljava/lang/Object; @ 149 c2
Event: 3.501 Thread 0x00000233cc8dc000 DEOPT PACKING pc=0x00000233dc911750 sp=0x0000008d36bfd3f0
Event: 3.501 Thread 0x00000233cc8dc000 DEOPT UNPACKING pc=0x00000233d4e5912f sp=0x0000008d36bfd390 mode 2
Event: 4.339 Thread 0x00000233cc8dc000 Uncommon trap: trap_request=0xffffff45 fr.pc=0x00000233dc947d6c relative=0x00000000000000cc
Event: 4.339 Thread 0x00000233cc8dc000 Uncommon trap: reason=unstable_if action=reinterpret pc=0x00000233dc947d6c method=java.nio.Buffer.limit(I)Ljava/nio/Buffer; @ 45 c2
Event: 4.339 Thread 0x00000233cc8dc000 DEOPT PACKING pc=0x00000233dc947d6c sp=0x0000008d36bfc890
Event: 4.339 Thread 0x00000233cc8dc000 DEOPT UNPACKING pc=0x00000233d4e5912f sp=0x0000008d36bfc6f0 mode 2
Event: 4.379 Thread 0x00000233cc8dc000 Uncommon trap: trap_request=0xffffff45 fr.pc=0x00000233dc93c1fc relative=0x000000000000053c
Event: 4.379 Thread 0x00000233cc8dc000 Uncommon trap: reason=unstable_if action=reinterpret pc=0x00000233dc93c1fc method=java.lang.String.replace(CC)Ljava/lang/String; @ 2 c2
Event: 4.379 Thread 0x00000233cc8dc000 DEOPT PACKING pc=0x00000233dc93c1fc sp=0x0000008d36bfd6e0
Event: 4.379 Thread 0x00000233cc8dc000 DEOPT UNPACKING pc=0x00000233d4e5912f sp=0x0000008d36bfd690 mode 2
Event: 4.619 Thread 0x00000233cc8dc000 Uncommon trap: trap_request=0xffffff45 fr.pc=0x00000233dc934918 relative=0x0000000000000918
Event: 4.619 Thread 0x00000233cc8dc000 Uncommon trap: reason=unstable_if action=reinterpret pc=0x00000233dc934918 method=org.codehaus.plexus.util.xml.pull.MXParser.nextImpl()I @ 835 c2
Event: 4.619 Thread 0x00000233cc8dc000 DEOPT PACKING pc=0x00000233dc934918 sp=0x0000008d36bfd000
Event: 4.619 Thread 0x00000233cc8dc000 DEOPT UNPACKING pc=0x00000233d4e5912f sp=0x0000008d36bfcf78 mode 2
Event: 4.633 Thread 0x00000233cc8dc000 Uncommon trap: trap_request=0xffffff45 fr.pc=0x00000233dc8e3984 relative=0x0000000000000164
Event: 4.633 Thread 0x00000233cc8dc000 Uncommon trap: reason=unstable_if action=reinterpret pc=0x00000233dc8e3984 method=java.lang.StringCoding.hasNegatives([BII)Z @ 12 c2
Event: 4.633 Thread 0x00000233cc8dc000 DEOPT PACKING pc=0x00000233dc8e3984 sp=0x0000008d36bfd0a0
Event: 4.633 Thread 0x00000233cc8dc000 DEOPT UNPACKING pc=0x00000233d4e5912f sp=0x0000008d36bfd030 mode 2

Classes unloaded (0 events):
No events

Classes redefined (0 events):
No events

Internal exceptions (5 events):
Event: 0.553 Thread 0x00000233cc8dc000 Exception <a 'java/lang/NoSuchMethodError'{0x000000074e5eac10}: 'int java.lang.invoke.DirectMethodHandle$Holder.invokeSpecialIFC(java.lang.Object, java.lang.Object, int)'> (0x000000074e5eac10) 
thrown [t:/workspace/open/src/hotspot/share/interpreter/linkResolver.cpp, line 767]
Event: 0.788 Thread 0x00000233cc8dc000 Exception <a 'java/lang/NoSuchMethodError'{0x000000074e4f9a78}: 'java.lang.Object java.lang.invoke.DirectMethodHandle$Holder.invokeStaticInit(java.lang.Object, int, int, int, int)'> (0x000000074e4f9a78) 
thrown [t:/workspace/open/src/hotspot/share/interpreter/linkResolver.cpp, line 767]
Event: 1.246 Thread 0x00000233cc8dc000 Exception <a 'java/lang/NoSuchMethodError'{0x000000074e35ed18}: 'java.lang.Object java.lang.invoke.DirectMethodHandle$Holder.invokeStaticInit(java.lang.Object, java.lang.Object, int, int, int, int)'> (0x000000074e35ed18) 
thrown [t:/workspace/open/src/hotspot/share/interpreter/linkResolver.cpp, line 767]
Event: 3.903 Thread 0x00000233cc8dc000 Exception <a 'java/lang/NoClassDefFoundError'{0x000000074e4b3dd8}: com/google/inject/servlet/ServletModuleTargetVisitor> (0x000000074e4b3dd8) 
thrown [t:/workspace/open/src/hotspot/share/classfile/systemDictionary.cpp, line 221]
Event: 3.903 Thread 0x00000233cc8dc000 Exception <a 'java/lang/NoClassDefFoundError'{0x000000074e4b6a60}: javax/annotation/Priority> (0x000000074e4b6a60) 
thrown [t:/workspace/open/src/hotspot/share/classfile/systemDictionary.cpp, line 221]

Events (20 events):
Event: 4.597 loading class org/apache/maven/repository/internal/DefaultModelCache$Key
Event: 4.597 loading class org/apache/maven/repository/internal/DefaultModelCache$Key done
Event: 4.600 loading class org/eclipse/aether/util/version/GenericVersionScheme
Event: 4.600 loading class org/eclipse/aether/util/version/GenericVersionScheme done
Event: 4.600 loading class org/eclipse/aether/version/VersionRange
Event: 4.600 loading class org/eclipse/aether/version/VersionRange done
Event: 4.601 loading class org/eclipse/aether/version/VersionConstraint
Event: 4.601 loading class org/eclipse/aether/version/VersionConstraint done
Event: 4.601 loading class org/eclipse/aether/util/version/GenericVersionConstraint
Event: 4.601 loading class org/eclipse/aether/util/version/GenericVersionConstraint done
Event: 4.601 loading class org/eclipse/aether/util/version/GenericVersion
Event: 4.601 loading class org/eclipse/aether/util/version/GenericVersion done
Event: 4.602 loading class org/eclipse/aether/util/version/GenericVersion$Tokenizer
Event: 4.602 loading class org/eclipse/aether/util/version/GenericVersion$Tokenizer done
Event: 4.602 loading class org/eclipse/aether/util/version/GenericVersion$Item
Event: 4.602 loading class org/eclipse/aether/util/version/GenericVersion$Item done
Event: 4.617 loading class org/apache/maven/model/Site
Event: 4.617 loading class org/apache/maven/model/Site done
Event: 4.620 loading class org/apache/maven/model/ActivationFile
Event: 4.620 loading class org/apache/maven/model/ActivationFile done


Dynamic libraries:
0x00007ff6c08f0000 - 0x00007ff6c08ff000 	D:\Java\jdk-13\bin\javaw.exe
0x00007ff964330000 - 0x00007ff964525000 	C:\WINDOWS\SYSTEM32\ntdll.dll
0x00007ff963660000 - 0x00007ff96371d000 	C:\WINDOWS\System32\KERNEL32.DLL
0x00007ff961d60000 - 0x00007ff962029000 	C:\WINDOWS\System32\KERNELBASE.dll
0x00007ff962180000 - 0x00007ff962280000 	C:\WINDOWS\System32\ucrtbase.dll
0x00007ff95c980000 - 0x00007ff95c995000 	D:\Java\jdk-13\bin\VCRUNTIME140.dll
0x00007ff95c770000 - 0x00007ff95c788000 	D:\Java\jdk-13\bin\jli.dll
0x00007ff962de0000 - 0x00007ff962e8c000 	C:\WINDOWS\System32\ADVAPI32.dll
0x00007ff963e70000 - 0x00007ff963f0e000 	C:\WINDOWS\System32\msvcrt.dll
0x00007ff9630a0000 - 0x00007ff96313c000 	C:\WINDOWS\System32\sechost.dll
0x00007ff963530000 - 0x00007ff96365b000 	C:\WINDOWS\System32\RPCRT4.dll
0x00007ff962ae0000 - 0x00007ff962c80000 	C:\WINDOWS\System32\USER32.dll
0x00007ff961c50000 - 0x00007ff961c72000 	C:\WINDOWS\System32\win32u.dll
0x00007ff962520000 - 0x00007ff96254a000 	C:\WINDOWS\System32\GDI32.dll
0x00007ff962280000 - 0x00007ff96238b000 	C:\WINDOWS\System32\gdi32full.dll
0x00007ff94dc70000 - 0x00007ff94df0a000 	C:\WINDOWS\WinSxS\amd64_microsoft.windows.common-controls_6595b64144ccf1df_6.0.19041.844_none_ca00b6081b84eb1d\COMCTL32.dll
0x00007ff962030000 - 0x00007ff9620cd000 	C:\WINDOWS\System32\msvcp_win.dll
0x00007ff95b290000 - 0x00007ff95b29a000 	C:\WINDOWS\SYSTEM32\VERSION.dll
0x00007ff962410000 - 0x00007ff962440000 	C:\WINDOWS\System32\IMM32.DLL
0x00007ff93e660000 - 0x00007ff93e6fb000 	D:\Java\jdk-13\bin\msvcp140.dll
0x00007ff932540000 - 0x00007ff9330a7000 	D:\Java\jdk-13\bin\server\jvm.dll
0x00007ff963090000 - 0x00007ff963098000 	C:\WINDOWS\System32\PSAPI.DLL
0x00007ff95a740000 - 0x00007ff95a767000 	C:\WINDOWS\SYSTEM32\WINMM.dll
0x00007ff950410000 - 0x00007ff950419000 	C:\WINDOWS\SYSTEM32\WSOCK32.dll
0x00007ff962d70000 - 0x00007ff962ddb000 	C:\WINDOWS\System32\WS2_32.dll
0x00007ff95f9d0000 - 0x00007ff95f9e2000 	C:\WINDOWS\SYSTEM32\kernel.appcore.dll
0x00007ff95da40000 - 0x00007ff95da50000 	D:\Java\jdk-13\bin\verify.dll
0x00007ff955140000 - 0x00007ff955324000 	C:\WINDOWS\SYSTEM32\DBGHELP.DLL
0x00007ff954ed0000 - 0x00007ff954efc000 	C:\WINDOWS\SYSTEM32\dbgcore.DLL
0x00007ff961ce0000 - 0x00007ff961d60000 	C:\WINDOWS\System32\bcryptPrimitives.dll
0x00007ff94fe20000 - 0x00007ff94fe46000 	D:\Java\jdk-13\bin\java.dll
0x00007ff950800000 - 0x00007ff950817000 	D:\Java\jdk-13\bin\zip.dll
0x00007ff95d970000 - 0x00007ff95d97a000 	D:\Java\jdk-13\bin\jimage.dll
0x00007ff963720000 - 0x00007ff963e62000 	C:\WINDOWS\System32\SHELL32.dll
0x00007ff95fbd0000 - 0x00007ff960360000 	C:\WINDOWS\SYSTEM32\windows.storage.dll
0x00007ff9631d0000 - 0x00007ff963525000 	C:\WINDOWS\System32\combase.dll
0x00007ff9614e0000 - 0x00007ff96150c000 	C:\WINDOWS\SYSTEM32\Wldp.dll
0x00007ff9641e0000 - 0x00007ff96428e000 	C:\WINDOWS\System32\SHCORE.dll
0x00007ff962440000 - 0x00007ff962495000 	C:\WINDOWS\System32\shlwapi.dll
0x00007ff9619b0000 - 0x00007ff9619cf000 	C:\WINDOWS\SYSTEM32\profapi.dll
0x00007ff94fc70000 - 0x00007ff94fc89000 	D:\Java\jdk-13\bin\net.dll
0x00007ff954850000 - 0x00007ff95495c000 	C:\WINDOWS\SYSTEM32\WINHTTP.dll
0x00007ff952d80000 - 0x00007ff952f6e000 	C:\WINDOWS\SYSTEM32\urlmon.dll
0x00007ff952ad0000 - 0x00007ff952d80000 	C:\WINDOWS\SYSTEM32\iertutil.dll
0x00007ff961260000 - 0x00007ff9612ca000 	C:\WINDOWS\system32\mswsock.dll
0x00007ff94fc50000 - 0x00007ff94fc63000 	D:\Java\jdk-13\bin\nio.dll
0x00007ff961430000 - 0x00007ff961448000 	C:\WINDOWS\SYSTEM32\CRYPTSP.dll
0x00007ff960b90000 - 0x00007ff960bc4000 	C:\WINDOWS\system32\rsaenh.dll
0x00007ff961a70000 - 0x00007ff961a97000 	C:\WINDOWS\System32\bcrypt.dll
0x00007ff961930000 - 0x00007ff96195e000 	C:\WINDOWS\SYSTEM32\USERENV.dll
0x00007ff961450000 - 0x00007ff96145c000 	C:\WINDOWS\SYSTEM32\CRYPTBASE.dll
0x00007ff960f00000 - 0x00007ff960f3b000 	C:\WINDOWS\SYSTEM32\IPHLPAPI.DLL
0x00007ff963f10000 - 0x00007ff963f18000 	C:\WINDOWS\System32\NSI.dll
0x00007ff9580c0000 - 0x00007ff9580d7000 	C:\WINDOWS\SYSTEM32\dhcpcsvc6.DLL
0x00007ff957e50000 - 0x00007ff957e6d000 	C:\WINDOWS\SYSTEM32\dhcpcsvc.DLL
0x00007ff960f40000 - 0x00007ff96100b000 	C:\WINDOWS\SYSTEM32\DNSAPI.dll
0x00007ff95ba20000 - 0x00007ff95ba2a000 	C:\Users\ChenZhe\AppData\Local\Temp\jansi-1.17.1-14623337469448288799.dll
0x00007ff95b9b0000 - 0x00007ff95b9ba000 	C:\Users\ChenZhe\AppData\Local\Temp\jansi-1.17.1-4904074157717470310.dll

dbghelp: loaded successfully - version: 4.0.5 - missing functions: none
symbol engine: initialized successfully - sym options: 0x614 - pdb path: .;D:\Java\jdk-13\bin;C:\WINDOWS\SYSTEM32;C:\WINDOWS\WinSxS\amd64_microsoft.windows.common-controls_6595b64144ccf1df_6.0.19041.844_none_ca00b6081b84eb1d;D:\Java\jdk-13\bin\server;C:\Users\ChenZhe\AppData\Local\Temp

VM Arguments:
jvm_args: -Dmaven.home=D:\apache-maven-3.6.3 -Dclassworlds.conf=E:\.Workspace\eclipse-workspace\cz_Hadopp\.metadata\.plugins\org.eclipse.m2e.launching\launches\m2conf2177171101960829493.tmp -Dmaven.multiModuleProjectDirectory=E:\.Workspace\eclipse-workspace\cz_Hadopp\Hive-UDF -Dfile.encoding=UTF-8 
java_command: org.codehaus.plexus.classworlds.launcher.Launcher -B -s D:\apache-maven-3.6.3\conf\settings.xml install
java_class_path (initial): D:\apache-maven-3.6.3\boot\plexus-classworlds-2.6.0.jar
Launcher Type: SUN_STANDARD

[Global flags]
     intx CICompilerCount                          = 3                                         {product} {ergonomic}
     uint ConcGCThreads                            = 1                                         {product} {ergonomic}
     uint G1ConcRefinementThreads                  = 4                                         {product} {ergonomic}
   size_t G1HeapRegionSize                         = 1048576                                   {product} {ergonomic}
    uintx GCDrainStackTargetSize                   = 64                                        {product} {ergonomic}
   size_t InitialHeapSize                          = 199229440                                 {product} {ergonomic}
   size_t MarkStackSize                            = 4194304                                   {product} {ergonomic}
   size_t MaxHeapSize                              = 3177185280                                {product} {ergonomic}
   size_t MaxNewSize                               = 1906311168                                {product} {ergonomic}
   size_t MinHeapDeltaBytes                        = 1048576                                   {product} {ergonomic}
   size_t MinHeapSize                              = 8388608                                   {product} {ergonomic}
    uintx NonNMethodCodeHeapSize                   = 5830732                                {pd product} {ergonomic}
    uintx NonProfiledCodeHeapSize                  = 122913754                              {pd product} {ergonomic}
    uintx ProfiledCodeHeapSize                     = 122913754                              {pd product} {ergonomic}
    uintx ReservedCodeCacheSize                    = 251658240                              {pd product} {ergonomic}
     bool SegmentedCodeCache                       = true                                      {product} {ergonomic}
   size_t SoftMaxHeapSize                          = 3177185280                             {manageable} {ergonomic}
     bool UseCompressedClassPointers               = true                                 {lp64_product} {ergonomic}
     bool UseCompressedOops                        = true                                 {lp64_product} {ergonomic}
     bool UseG1GC                                  = true                                      {product} {ergonomic}
     bool UseLargePagesIndividualAllocation        = false                                  {pd product} {ergonomic}

Logging:
Log output configuration:
 #0: stdout all=warning uptime,level,tags
 #1: stderr all=off uptime,level,tags

Environment Variables:
JAVA_HOME=D:\Java\jdk-13
PATH=D:/Java/jdk-13/bin/server;D:/Java/jdk-13/bin;F:\VMware\VMware Workstation\bin\;C:\WINDOWS\system32;C:\WINDOWS;C:\WINDOWS\System32\Wbem;C:\WINDOWS\System32\WindowsPowerShell\v1.0\;C:\WINDOWS\System32\OpenSSH\;D:\mingw64\bin;D:\Java\jdk-13\bin;D:\nvm;D:\nodejs;D:\hadoop-2.7.1\bin;D:\hadoop-2.7.1\sbin;D:\apache-maven-3.6.3\bin;F:\Xshell 7\;D:\Git\cmd;D:\Python\Python39\Scripts\;D:\Python\Python39\;C:\Users\ChenZhe\AppData\Local\Microsoft\WindowsApps;D:\nvm;D:\nodejs;F:\Microsoft VS Code\bin;D:\nvm\node_global;F:\Bandizip\;C:\Users\ChenZhe\Desktop;
USERNAME=ChenZhe
OS=Windows_NT
PROCESSOR_IDENTIFIER=Intel64 Family 6 Model 142 Stepping 9, GenuineIntel



---------------  S Y S T E M  ---------------

OS: Windows 10 , 64 bit Build 19041 (10.0.19041.804)

CPU:total 4 (initial active 4) (2 cores per cpu, 2 threads per core) family 6 model 142 stepping 9, cmov, cx8, fxsr, mmx, sse, sse2, sse3, ssse3, sse4.1, sse4.2, popcnt, avx, avx2, aes, clmul, erms, 3dnowpref, lzcnt, ht, tsc, tscinvbit, bmi1, bmi2, adx, fma

Memory: 4k page, system-wide physical 12119M (270M free)
TotalPageFile size 27197M (AvailPageFile size 4M)
current process WorkingSet (physical memory assigned to process): 109M, peak: 110M
current process commit charge ("private bytes"): 307M, peak: 308M

vm_info: Java HotSpot(TM) 64-Bit Server VM (13-ea+33) for windows-amd64 JRE (13-ea+33), built on Aug  9 2019 06:01:49 by "mach5one" with unknown MS VC++:1916

END.
